[ 2016-08-04T17:12:06+08:00 ] 182.254.86.153 /weixin/index.php?signature=fa38e6305c55e5bef2ca0fe1a5dc97ac51c6b7bd&timestamp=1470301926&nonce=427780390&openid=oUzJIw3OoB1ijZ6yRw2YSyImXS3w
INFO: [ app_begin ] --START--
INFO: Run ReadHtmlCache Behavior [ RunTime:0.000107s ]
INFO: [ app_begin ] --END-- [ RunTime:0.000183s ]
NOTIC: [8] Undefined index: echostr /var/www/html/weixin/Lib/Action/IndexAction.class.php 第 9 行.
NOTIC: [8192] mysql_connect(): The mysql extension is deprecated and will be removed in the future: use mysqli or PDO instead /var/www/html/weixin/Lib/Model/IndexModel.class.php 第 49 行.
NOTIC: [2] curl_errno(): 5 is not a valid cURL handle resource /var/www/html/weixin/Lib/Model/IndexModel.class.php 第 67 行.
NOTIC: [2] curl_errno(): 6 is not a valid cURL handle resource /var/www/html/weixin/Lib/Model/IndexModel.class.php 第 89 行.

[ 2016-08-04T17:13:22+08:00 ] 182.254.86.158 /weixin/index.php?signature=d6e4fb1b08f6724f29b7ecdc00186afd0b4c08c2&timestamp=1470302002&nonce=550993086&openid=oUzJIw3OoB1ijZ6yRw2YSyImXS3w
INFO: [ app_begin ] --START--
INFO: Run ReadHtmlCache Behavior [ RunTime:0.000135s ]
INFO: [ app_begin ] --END-- [ RunTime:0.000201s ]
NOTIC: [8] Undefined index: echostr /var/www/html/weixin/Lib/Action/IndexAction.class.php 第 9 行.
NOTIC: [8192] mysql_connect(): The mysql extension is deprecated and will be removed in the future: use mysqli or PDO instead /var/www/html/weixin/Lib/Model/IndexModel.class.php 第 49 行.
NOTIC: [2] curl_errno(): 5 is not a valid cURL handle resource /var/www/html/weixin/Lib/Model/IndexModel.class.php 第 89 行.

[ 2016-08-04T17:14:29+08:00 ] 182.254.86.158 /weixin/index.php?signature=182c388be4034c701374da98d8dfad0876df5146&timestamp=1470302069&nonce=1056681326&openid=oUzJIw3OoB1ijZ6yRw2YSyImXS3w
INFO: [ app_begin ] --START--
INFO: Run ReadHtmlCache Behavior [ RunTime:0.000122s ]
INFO: [ app_begin ] --END-- [ RunTime:0.000197s ]
NOTIC: [8] Undefined index: echostr /var/www/html/weixin/Lib/Action/IndexAction.class.php 第 9 行.
NOTIC: [8192] mysql_connect(): The mysql extension is deprecated and will be removed in the future: use mysqli or PDO instead /var/www/html/weixin/Lib/Model/IndexModel.class.php 第 49 行.
NOTIC: [2] curl_errno(): 4 is not a valid cURL handle resource /var/www/html/weixin/Lib/Model/IndexModel.class.php 第 89 行.

[ 2016-08-04T17:14:36+08:00 ] 182.254.86.143 /weixin/index.php?signature=5a188ed8001a5b269dbe0d1c079ca22af56fd1f9&timestamp=1470302076&nonce=462268727&openid=oUzJIw3OoB1ijZ6yRw2YSyImXS3w
INFO: [ app_begin ] --START--
INFO: Run ReadHtmlCache Behavior [ RunTime:0.000079s ]
INFO: [ app_begin ] --END-- [ RunTime:0.000136s ]
NOTIC: [8] Undefined index: echostr /var/www/html/weixin/Lib/Action/IndexAction.class.php 第 9 行.
NOTIC: [8192] mysql_connect(): The mysql extension is deprecated and will be removed in the future: use mysqli or PDO instead /var/www/html/weixin/Lib/Model/IndexModel.class.php 第 49 行.
NOTIC: [2] curl_errno(): 3 is not a valid cURL handle resource /var/www/html/weixin/Lib/Model/IndexModel.class.php 第 89 行.

[ 2016-08-04T17:15:06+08:00 ] 101.226.89.123 /weixin/index.php
INFO: [ app_begin ] --START--
INFO: Run ReadHtmlCache Behavior [ RunTime:0.000103s ]
INFO: [ app_begin ] --END-- [ RunTime:0.000172s ]
NOTIC: [8] Undefined index: nonce /var/www/html/weixin/Lib/Action/IndexAction.class.php 第 6 行.
NOTIC: [8] Undefined index: timestamp /var/www/html/weixin/Lib/Action/IndexAction.class.php 第 8 行.
NOTIC: [8] Undefined index: echostr /var/www/html/weixin/Lib/Action/IndexAction.class.php 第 9 行.
NOTIC: [8] Undefined index: signature /var/www/html/weixin/Lib/Action/IndexAction.class.php 第 10 行.
NOTIC: [8] Undefined index: HTTP_RAW_POST_DATA /var/www/html/weixin/Lib/Action/IndexAction.class.php 第 22 行.
NOTIC: [8] Trying to get property of non-object /var/www/html/weixin/Lib/Action/IndexAction.class.php 第 24 行.
NOTIC: [8] Trying to get property of non-object /var/www/html/weixin/Lib/Action/IndexAction.class.php 第 56 行.

[ 2016-08-04T17:15:09+08:00 ] 182.254.86.143 /weixin/index.php?signature=1ceb3fe7f2530ec858144703dc2d7d07090407bb&timestamp=1470302108&nonce=1599965218&openid=oUzJIw3OoB1ijZ6yRw2YSyImXS3w
INFO: [ app_begin ] --START--
INFO: Run ReadHtmlCache Behavior [ RunTime:0.000064s ]
INFO: [ app_begin ] --END-- [ RunTime:0.000119s ]
NOTIC: [8] Undefined index: echostr /var/www/html/weixin/Lib/Action/IndexAction.class.php 第 9 行.
NOTIC: [8192] mysql_connect(): The mysql extension is deprecated and will be removed in the future: use mysqli or PDO instead /var/www/html/weixin/Lib/Model/IndexModel.class.php 第 49 行.
NOTIC: [2] curl_errno(): 4 is not a valid cURL handle resource /var/www/html/weixin/Lib/Model/IndexModel.class.php 第 89 行.

[ 2016-08-04T17:15:13+08:00 ] 182.254.86.153 /weixin/index.php?signature=b04f7a1f05bc2940603a5a472af55b044cbb6c13&timestamp=1470302113&nonce=892536400&openid=oUzJIw3OoB1ijZ6yRw2YSyImXS3w
INFO: [ app_begin ] --START--
INFO: Run ReadHtmlCache Behavior [ RunTime:0.000095s ]
INFO: [ app_begin ] --END-- [ RunTime:0.000167s ]
NOTIC: [8] Undefined index: echostr /var/www/html/weixin/Lib/Action/IndexAction.class.php 第 9 行.
NOTIC: [8192] mysql_connect(): The mysql extension is deprecated and will be removed in the future: use mysqli or PDO instead /var/www/html/weixin/Lib/Model/IndexModel.class.php 第 49 行.
NOTIC: [2] curl_errno(): 3 is not a valid cURL handle resource /var/www/html/weixin/Lib/Model/IndexModel.class.php 第 89 行.

[ 2016-08-04T17:15:40+08:00 ] 182.254.86.148 /weixin/index.php?signature=a1e2c33c77a1d03601816e337da16d2f3d821734&timestamp=1470302140&nonce=1052693763&openid=oUzJIw3OoB1ijZ6yRw2YSyImXS3w
INFO: [ app_begin ] --START--
INFO: Run ReadHtmlCache Behavior [ RunTime:0.000077s ]
INFO: [ app_begin ] --END-- [ RunTime:0.000143s ]
NOTIC: [8] Undefined index: echostr /var/www/html/weixin/Lib/Action/IndexAction.class.php 第 9 行.
NOTIC: [8192] mysql_connect(): The mysql extension is deprecated and will be removed in the future: use mysqli or PDO instead /var/www/html/weixin/Lib/Model/IndexModel.class.php 第 49 行.
NOTIC: [2] curl_errno(): 4 is not a valid cURL handle resource /var/www/html/weixin/Lib/Model/IndexModel.class.php 第 89 行.

[ 2016-08-04T17:16:02+08:00 ] 182.254.86.158 /weixin/index.php?signature=c0782b31c98e4dec3c35ae10d3c4ebe3f38a8ae8&timestamp=1470302162&nonce=1842249326&openid=oUzJIw3OoB1ijZ6yRw2YSyImXS3w
INFO: [ app_begin ] --START--
INFO: Run ReadHtmlCache Behavior [ RunTime:0.000085s ]
INFO: [ app_begin ] --END-- [ RunTime:0.000148s ]
NOTIC: [8] Undefined index: echostr /var/www/html/weixin/Lib/Action/IndexAction.class.php 第 9 行.

[ 2016-08-04T17:16:08+08:00 ] 182.254.86.143 /weixin/index.php?signature=50b5fc47b53242a43a52df8d024b265a0093a1b3&timestamp=1470302153&nonce=111455818&openid=oUzJIw3OoB1ijZ6yRw2YSyImXS3w
INFO: [ app_begin ] --START--
INFO: Run ReadHtmlCache Behavior [ RunTime:0.000070s ]
INFO: [ app_begin ] --END-- [ RunTime:0.000124s ]
NOTIC: [8] Undefined index: echostr /var/www/html/weixin/Lib/Action/IndexAction.class.php 第 9 行.
NOTIC: [8192] mysql_connect(): The mysql extension is deprecated and will be removed in the future: use mysqli or PDO instead /var/www/html/weixin/Lib/Model/IndexModel.class.php 第 49 行.
NOTIC: [2] mysql_connect(): Access denied for user 'ma'@'localhost' (using password: YES) /var/www/html/weixin/Lib/Model/IndexModel.class.php 第 49 行.
NOTIC: [8192] mysql_select_db(): The mysql extension is deprecated and will be removed in the future: use mysqli or PDO instead /var/www/html/weixin/Lib/Model/IndexModel.class.php 第 50 行.
NOTIC: [2] mysql_select_db(): Access denied for user 'www-data'@'localhost' (using password: NO) /var/www/html/weixin/Lib/Model/IndexModel.class.php 第 50 行.
NOTIC: [2] mysql_select_db(): A link to the server could not be established /var/www/html/weixin/Lib/Model/IndexModel.class.php 第 50 行.
NOTIC: [8192] mysql_query(): The mysql extension is deprecated and will be removed in the future: use mysqli or PDO instead /var/www/html/weixin/Lib/Model/IndexModel.class.php 第 51 行.
NOTIC: [2] mysql_query(): Access denied for user 'www-data'@'localhost' (using password: NO) /var/www/html/weixin/Lib/Model/IndexModel.class.php 第 51 行.
NOTIC: [2] mysql_query(): A link to the server could not be established /var/www/html/weixin/Lib/Model/IndexModel.class.php 第 51 行.
NOTIC: [8192] mysql_query(): The mysql extension is deprecated and will be removed in the future: use mysqli or PDO instead /var/www/html/weixin/Lib/Model/IndexModel.class.php 第 52 行.
NOTIC: [2] mysql_query(): Access denied for user 'www-data'@'localhost' (using password: NO) /var/www/html/weixin/Lib/Model/IndexModel.class.php 第 52 行.
NOTIC: [2] mysql_query(): A link to the server could not be established /var/www/html/weixin/Lib/Model/IndexModel.class.php 第 52 行.
NOTIC: [2] mysql_fetch_array() expects parameter 1 to be resource, boolean given /var/www/html/weixin/Lib/Model/IndexModel.class.php 第 53 行.
NOTIC: [8] Undefined variable: time /var/www/html/weixin/Lib/Model/IndexModel.class.php 第 58 行.
NOTIC: [2] curl_errno(): 2 is not a valid cURL handle resource /var/www/html/weixin/Lib/Model/IndexModel.class.php 第 67 行.
NOTIC: [8192] mysql_query(): The mysql extension is deprecated and will be removed in the future: use mysqli or PDO instead /var/www/html/weixin/Lib/Model/IndexModel.class.php 第 73 行.
NOTIC: [2] mysql_query(): Access denied for user 'www-data'@'localhost' (using password: NO) /var/www/html/weixin/Lib/Model/IndexModel.class.php 第 73 行.
NOTIC: [2] mysql_query(): A link to the server could not be established /var/www/html/weixin/Lib/Model/IndexModel.class.php 第 73 行.
NOTIC: [2] mysql_close(): no MySQL-Link resource supplied /var/www/html/weixin/Lib/Model/IndexModel.class.php 第 78 行.
NOTIC: [2] curl_errno(): 3 is not a valid cURL handle resource /var/www/html/weixin/Lib/Model/IndexModel.class.php 第 89 行.

[ 2016-08-04T17:16:13+08:00 ] 182.254.86.148 /weixin/index.php?signature=50b5fc47b53242a43a52df8d024b265a0093a1b3&timestamp=1470302153&nonce=111455818&openid=oUzJIw3OoB1ijZ6yRw2YSyImXS3w
INFO: [ app_begin ] --START--
INFO: Run ReadHtmlCache Behavior [ RunTime:0.000070s ]
INFO: [ app_begin ] --END-- [ RunTime:0.000124s ]
NOTIC: [8] Undefined index: echostr /var/www/html/weixin/Lib/Action/IndexAction.class.php 第 9 行.
NOTIC: [8192] mysql_connect(): The mysql extension is deprecated and will be removed in the future: use mysqli or PDO instead /var/www/html/weixin/Lib/Model/IndexModel.class.php 第 49 行.
NOTIC: [2] mysql_connect(): Access denied for user 'ma'@'localhost' (using password: YES) /var/www/html/weixin/Lib/Model/IndexModel.class.php 第 49 行.
NOTIC: [8192] mysql_select_db(): The mysql extension is deprecated and will be removed in the future: use mysqli or PDO instead /var/www/html/weixin/Lib/Model/IndexModel.class.php 第 50 行.
NOTIC: [2] mysql_select_db(): Access denied for user 'www-data'@'localhost' (using password: NO) /var/www/html/weixin/Lib/Model/IndexModel.class.php 第 50 行.
NOTIC: [2] mysql_select_db(): A link to the server could not be established /var/www/html/weixin/Lib/Model/IndexModel.class.php 第 50 行.
NOTIC: [8192] mysql_query(): The mysql extension is deprecated and will be removed in the future: use mysqli or PDO instead /var/www/html/weixin/Lib/Model/IndexModel.class.php 第 51 行.
NOTIC: [2] mysql_query(): Access denied for user 'www-data'@'localhost' (using password: NO) /var/www/html/weixin/Lib/Model/IndexModel.class.php 第 51 行.
NOTIC: [2] mysql_query(): A link to the server could not be established /var/www/html/weixin/Lib/Model/IndexModel.class.php 第 51 行.
NOTIC: [8192] mysql_query(): The mysql extension is deprecated and will be removed in the future: use mysqli or PDO instead /var/www/html/weixin/Lib/Model/IndexModel.class.php 第 52 行.
NOTIC: [2] mysql_query(): Access denied for user 'www-data'@'localhost' (using password: NO) /var/www/html/weixin/Lib/Model/IndexModel.class.php 第 52 行.
NOTIC: [2] mysql_query(): A link to the server could not be established /var/www/html/weixin/Lib/Model/IndexModel.class.php 第 52 行.
NOTIC: [2] mysql_fetch_array() expects parameter 1 to be resource, boolean given /var/www/html/weixin/Lib/Model/IndexModel.class.php 第 53 行.
NOTIC: [8] Undefined variable: time /var/www/html/weixin/Lib/Model/IndexModel.class.php 第 58 行.
NOTIC: [2] curl_errno(): 1 is not a valid cURL handle resource /var/www/html/weixin/Lib/Model/IndexModel.class.php 第 67 行.
NOTIC: [8192] mysql_query(): The mysql extension is deprecated and will be removed in the future: use mysqli or PDO instead /var/www/html/weixin/Lib/Model/IndexModel.class.php 第 73 行.
NOTIC: [2] mysql_query(): Access denied for user 'www-data'@'localhost' (using password: NO) /var/www/html/weixin/Lib/Model/IndexModel.class.php 第 73 行.
NOTIC: [2] mysql_query(): A link to the server could not be established /var/www/html/weixin/Lib/Model/IndexModel.class.php 第 73 行.
NOTIC: [2] mysql_close(): no MySQL-Link resource supplied /var/www/html/weixin/Lib/Model/IndexModel.class.php 第 78 行.
NOTIC: [2] curl_errno(): 2 is not a valid cURL handle resource /var/www/html/weixin/Lib/Model/IndexModel.class.php 第 89 行.

[ 2016-08-04T17:16:18+08:00 ] 182.254.86.153 /weixin/index.php?signature=50b5fc47b53242a43a52df8d024b265a0093a1b3&timestamp=1470302153&nonce=111455818&openid=oUzJIw3OoB1ijZ6yRw2YSyImXS3w
INFO: [ app_begin ] --START--
INFO: Run ReadHtmlCache Behavior [ RunTime:0.000063s ]
INFO: [ app_begin ] --END-- [ RunTime:0.000129s ]
NOTIC: [8] Undefined index: echostr /var/www/html/weixin/Lib/Action/IndexAction.class.php 第 9 行.
NOTIC: [8192] mysql_connect(): The mysql extension is deprecated and will be removed in the future: use mysqli or PDO instead /var/www/html/weixin/Lib/Model/IndexModel.class.php 第 49 行.
NOTIC: [2] mysql_connect(): Access denied for user 'ma'@'localhost' (using password: YES) /var/www/html/weixin/Lib/Model/IndexModel.class.php 第 49 行.
NOTIC: [8192] mysql_select_db(): The mysql extension is deprecated and will be removed in the future: use mysqli or PDO instead /var/www/html/weixin/Lib/Model/IndexModel.class.php 第 50 行.
NOTIC: [2] mysql_select_db(): Access denied for user 'www-data'@'localhost' (using password: NO) /var/www/html/weixin/Lib/Model/IndexModel.class.php 第 50 行.
NOTIC: [2] mysql_select_db(): A link to the server could not be established /var/www/html/weixin/Lib/Model/IndexModel.class.php 第 50 行.
NOTIC: [8192] mysql_query(): The mysql extension is deprecated and will be removed in the future: use mysqli or PDO instead /var/www/html/weixin/Lib/Model/IndexModel.class.php 第 51 行.
NOTIC: [2] mysql_query(): Access denied for user 'www-data'@'localhost' (using password: NO) /var/www/html/weixin/Lib/Model/IndexModel.class.php 第 51 行.
NOTIC: [2] mysql_query(): A link to the server could not be established /var/www/html/weixin/Lib/Model/IndexModel.class.php 第 51 行.
NOTIC: [8192] mysql_query(): The mysql extension is deprecated and will be removed in the future: use mysqli or PDO instead /var/www/html/weixin/Lib/Model/IndexModel.class.php 第 52 行.
NOTIC: [2] mysql_query(): Access denied for user 'www-data'@'localhost' (using password: NO) /var/www/html/weixin/Lib/Model/IndexModel.class.php 第 52 行.
NOTIC: [2] mysql_query(): A link to the server could not be established /var/www/html/weixin/Lib/Model/IndexModel.class.php 第 52 行.
NOTIC: [2] mysql_fetch_array() expects parameter 1 to be resource, boolean given /var/www/html/weixin/Lib/Model/IndexModel.class.php 第 53 行.
NOTIC: [8] Undefined variable: time /var/www/html/weixin/Lib/Model/IndexModel.class.php 第 58 行.
NOTIC: [2] curl_errno(): 1 is not a valid cURL handle resource /var/www/html/weixin/Lib/Model/IndexModel.class.php 第 67 行.
NOTIC: [8192] mysql_query(): The mysql extension is deprecated and will be removed in the future: use mysqli or PDO instead /var/www/html/weixin/Lib/Model/IndexModel.class.php 第 73 行.
NOTIC: [2] mysql_query(): Access denied for user 'www-data'@'localhost' (using password: NO) /var/www/html/weixin/Lib/Model/IndexModel.class.php 第 73 行.
NOTIC: [2] mysql_query(): A link to the server could not be established /var/www/html/weixin/Lib/Model/IndexModel.class.php 第 73 行.
NOTIC: [2] mysql_close(): no MySQL-Link resource supplied /var/www/html/weixin/Lib/Model/IndexModel.class.php 第 78 行.
NOTIC: [2] curl_errno(): 2 is not a valid cURL handle resource /var/www/html/weixin/Lib/Model/IndexModel.class.php 第 89 行.

[ 2016-08-04T17:16:40+08:00 ] ERR: [4] syntax error, unexpected ';' /var/www/html/weixin/Lib/Model/IndexModel.class.php 第 49 行.
[ 2016-08-04T17:16:40+08:00 ] 182.254.86.148 /weixin/index.php?signature=b358f7576f6b63c27a9ecba7cb42f877f7c915e1&timestamp=1470302200&nonce=240797420&openid=oUzJIw3OoB1ijZ6yRw2YSyImXS3w
INFO: [ app_begin ] --START--
INFO: Run ReadHtmlCache Behavior [ RunTime:0.000093s ]
INFO: [ app_begin ] --END-- [ RunTime:0.000162s ]
NOTIC: [8] Undefined index: echostr /var/www/html/weixin/Lib/Action/IndexAction.class.php 第 9 行.
NOTIC: [8] Undefined index: class /var/www/html/weixin/ThinkPHP/Common/functions.php 第 39 行.
NOTIC: [8] Undefined index: type /var/www/html/weixin/ThinkPHP/Common/functions.php 第 39 行.
NOTIC: [8] Undefined index: file /var/www/html/weixin/ThinkPHP/Common/functions.php 第 38 行.
NOTIC: [8] Undefined index: line /var/www/html/weixin/ThinkPHP/Common/functions.php 第 38 行.

[ 2016-08-04T17:16:45+08:00 ] ERR: [4] syntax error, unexpected ';' /var/www/html/weixin/Lib/Model/IndexModel.class.php 第 49 行.
[ 2016-08-04T17:16:45+08:00 ] 182.254.86.153 /weixin/index.php?signature=6eaa20ec3c28fbd64d01d2c72a27b4e0dee91b74&timestamp=1470302205&nonce=475399301&openid=oUzJIw3OoB1ijZ6yRw2YSyImXS3w
INFO: [ app_begin ] --START--
INFO: Run ReadHtmlCache Behavior [ RunTime:0.000109s ]
INFO: [ app_begin ] --END-- [ RunTime:0.000190s ]
NOTIC: [8] Undefined index: echostr /var/www/html/weixin/Lib/Action/IndexAction.class.php 第 9 行.
NOTIC: [8] Undefined index: class /var/www/html/weixin/ThinkPHP/Common/functions.php 第 39 行.
NOTIC: [8] Undefined index: type /var/www/html/weixin/ThinkPHP/Common/functions.php 第 39 行.
NOTIC: [8] Undefined index: file /var/www/html/weixin/ThinkPHP/Common/functions.php 第 38 行.
NOTIC: [8] Undefined index: line /var/www/html/weixin/ThinkPHP/Common/functions.php 第 38 行.

[ 2016-08-04T17:16:56+08:00 ] ERR: [4] syntax error, unexpected ';' /var/www/html/weixin/Lib/Model/IndexModel.class.php 第 49 行.
[ 2016-08-04T17:16:56+08:00 ] 182.254.86.158 /weixin/index.php?signature=e0a6ff2855ff318c4bf68e81b31eddc7ecde0534&timestamp=1470302216&nonce=1114171695&openid=oUzJIw3OoB1ijZ6yRw2YSyImXS3w
INFO: [ app_begin ] --START--
INFO: Run ReadHtmlCache Behavior [ RunTime:0.000083s ]
INFO: [ app_begin ] --END-- [ RunTime:0.000147s ]
NOTIC: [8] Undefined index: echostr /var/www/html/weixin/Lib/Action/IndexAction.class.php 第 9 行.
NOTIC: [8] Undefined index: class /var/www/html/weixin/ThinkPHP/Common/functions.php 第 39 行.
NOTIC: [8] Undefined index: type /var/www/html/weixin/ThinkPHP/Common/functions.php 第 39 行.
NOTIC: [8] Undefined index: file /var/www/html/weixin/ThinkPHP/Common/functions.php 第 38 行.
NOTIC: [8] Undefined index: line /var/www/html/weixin/ThinkPHP/Common/functions.php 第 38 行.

[ 2016-08-04T17:17:23+08:00 ] 182.254.86.148 /weixin/index.php?signature=dffe5fdbc98703916777781b09d9269573dadd93&timestamp=1470302243&nonce=1714053842&openid=oUzJIw3OoB1ijZ6yRw2YSyImXS3w
INFO: [ app_begin ] --START--
INFO: Run ReadHtmlCache Behavior [ RunTime:0.000095s ]
INFO: [ app_begin ] --END-- [ RunTime:0.000165s ]
NOTIC: [8] Undefined index: echostr /var/www/html/weixin/Lib/Action/IndexAction.class.php 第 9 行.
NOTIC: [8192] mysql_connect(): The mysql extension is deprecated and will be removed in the future: use mysqli or PDO instead /var/www/html/weixin/Lib/Model/IndexModel.class.php 第 49 行.
NOTIC: [2] curl_errno(): 4 is not a valid cURL handle resource /var/www/html/weixin/Lib/Model/IndexModel.class.php 第 89 行.

[ 2016-08-04T17:19:00+08:00 ] 182.254.86.158 /weixin/index.php?signature=d66a20d2684f9afa7a4fcbfecb2ce67a683000ea&timestamp=1470302340&nonce=1129254925&openid=oUzJIw3OoB1ijZ6yRw2YSyImXS3w
INFO: [ app_begin ] --START--
INFO: Run ReadHtmlCache Behavior [ RunTime:0.000091s ]
INFO: [ app_begin ] --END-- [ RunTime:0.000161s ]
NOTIC: [8] Undefined index: echostr /var/www/html/weixin/Lib/Action/IndexAction.class.php 第 9 行.
NOTIC: [8192] mysql_connect(): The mysql extension is deprecated and will be removed in the future: use mysqli or PDO instead /var/www/html/weixin/Lib/Model/IndexModel.class.php 第 49 行.
NOTIC: [2] curl_errno(): 3 is not a valid cURL handle resource /var/www/html/weixin/Lib/Model/IndexModel.class.php 第 89 行.

[ 2016-08-04T17:19:07+08:00 ] 182.254.86.143 /weixin/index.php?signature=b7088b92c88500b825bf3edf06f8359437dfe59a&timestamp=1470302347&nonce=1389934873&openid=oUzJIw3OoB1ijZ6yRw2YSyImXS3w
INFO: [ app_begin ] --START--
INFO: Run ReadHtmlCache Behavior [ RunTime:0.000096s ]
INFO: [ app_begin ] --END-- [ RunTime:0.000157s ]
NOTIC: [8] Undefined index: echostr /var/www/html/weixin/Lib/Action/IndexAction.class.php 第 9 行.
NOTIC: [8192] mysql_connect(): The mysql extension is deprecated and will be removed in the future: use mysqli or PDO instead /var/www/html/weixin/Lib/Model/IndexModel.class.php 第 49 行.
NOTIC: [2] curl_errno(): 3 is not a valid cURL handle resource /var/www/html/weixin/Lib/Model/IndexModel.class.php 第 89 行.

[ 2016-08-04T17:19:14+08:00 ] 182.254.86.143 /weixin/index.php?signature=1529ce071524be5caf48c048f8665f30298c00b8&timestamp=1470302354&nonce=368068396&openid=oUzJIw3OoB1ijZ6yRw2YSyImXS3w
INFO: [ app_begin ] --START--
INFO: Run ReadHtmlCache Behavior [ RunTime:0.000097s ]
INFO: [ app_begin ] --END-- [ RunTime:0.000154s ]
NOTIC: [8] Undefined index: echostr /var/www/html/weixin/Lib/Action/IndexAction.class.php 第 9 行.
NOTIC: [8192] mysql_connect(): The mysql extension is deprecated and will be removed in the future: use mysqli or PDO instead /var/www/html/weixin/Lib/Model/IndexModel.class.php 第 49 行.
NOTIC: [2] curl_errno(): 3 is not a valid cURL handle resource /var/www/html/weixin/Lib/Model/IndexModel.class.php 第 89 行.

[ 2016-08-04T17:19:19+08:00 ] 182.254.86.153 /weixin/index.php?signature=00ba43d480234be259c16ba5b457899a2de016f0&timestamp=1470302359&nonce=130537764&openid=oUzJIw3OoB1ijZ6yRw2YSyImXS3w
INFO: [ app_begin ] --START--
INFO: Run ReadHtmlCache Behavior [ RunTime:0.000074s ]
INFO: [ app_begin ] --END-- [ RunTime:0.000136s ]
NOTIC: [8] Undefined index: echostr /var/www/html/weixin/Lib/Action/IndexAction.class.php 第 9 行.
NOTIC: [8192] mysql_connect(): The mysql extension is deprecated and will be removed in the future: use mysqli or PDO instead /var/www/html/weixin/Lib/Model/IndexModel.class.php 第 49 行.
NOTIC: [2] curl_errno(): 3 is not a valid cURL handle resource /var/www/html/weixin/Lib/Model/IndexModel.class.php 第 89 行.

[ 2016-08-04T17:19:23+08:00 ] 182.254.86.158 /weixin/index.php?signature=5f96d74359235710e9ebcedd43a40d3a531424c9&timestamp=1470302363&nonce=1538997771&openid=oUzJIw3OoB1ijZ6yRw2YSyImXS3w
INFO: [ app_begin ] --START--
INFO: Run ReadHtmlCache Behavior [ RunTime:0.000086s ]
INFO: [ app_begin ] --END-- [ RunTime:0.000144s ]
NOTIC: [8] Undefined index: echostr /var/www/html/weixin/Lib/Action/IndexAction.class.php 第 9 行.
NOTIC: [8192] mysql_connect(): The mysql extension is deprecated and will be removed in the future: use mysqli or PDO instead /var/www/html/weixin/Lib/Model/IndexModel.class.php 第 49 行.
NOTIC: [2] curl_errno(): 3 is not a valid cURL handle resource /var/www/html/weixin/Lib/Model/IndexModel.class.php 第 89 行.

[ 2016-08-04T17:19:27+08:00 ] 182.254.86.153 /weixin/index.php?signature=02d6e79bc49021d85c6db894a355b415e7b500de&timestamp=1470302367&nonce=977025682&openid=oUzJIw3OoB1ijZ6yRw2YSyImXS3w
INFO: [ app_begin ] --START--
INFO: Run ReadHtmlCache Behavior [ RunTime:0.000068s ]
INFO: [ app_begin ] --END-- [ RunTime:0.000122s ]
NOTIC: [8] Undefined index: echostr /var/www/html/weixin/Lib/Action/IndexAction.class.php 第 9 行.

[ 2016-08-04T17:21:51+08:00 ] 182.254.86.143 /weixin/index.php?signature=085211b6597faefed8a87d4b8bf27c65b2afe680&timestamp=1470302511&nonce=1876533017&openid=oUzJIw3OoB1ijZ6yRw2YSyImXS3w
INFO: [ app_begin ] --START--
INFO: Run ReadHtmlCache Behavior [ RunTime:0.000082s ]
INFO: [ app_begin ] --END-- [ RunTime:0.000145s ]
NOTIC: [8] Undefined index: echostr /var/www/html/weixin/Lib/Action/IndexAction.class.php 第 9 行.
NOTIC: [8192] mysql_connect(): The mysql extension is deprecated and will be removed in the future: use mysqli or PDO instead /var/www/html/weixin/Lib/Model/IndexModel.class.php 第 49 行.
NOTIC: [2] curl_errno(): 4 is not a valid cURL handle resource /var/www/html/weixin/Lib/Model/IndexModel.class.php 第 89 行.
NOTIC: [8] Undefined index: nickname /var/www/html/weixin/Lib/Model/IndexModel.class.php 第 93 行.

[ 2016-08-04T17:22:22+08:00 ] 182.254.86.153 /weixin/index.php?signature=490f647842744f55d69ab393ce76d81eb42c4b35&timestamp=1470302541&nonce=1033994038&openid=oUzJIw3OoB1ijZ6yRw2YSyImXS3w
INFO: [ app_begin ] --START--
INFO: Run ReadHtmlCache Behavior [ RunTime:0.000074s ]
INFO: [ app_begin ] --END-- [ RunTime:0.000137s ]
NOTIC: [8] Undefined index: echostr /var/www/html/weixin/Lib/Action/IndexAction.class.php 第 9 行.
NOTIC: [8192] mysql_connect(): The mysql extension is deprecated and will be removed in the future: use mysqli or PDO instead /var/www/html/weixin/Lib/Model/IndexModel.class.php 第 49 行.
NOTIC: [2] curl_errno(): 4 is not a valid cURL handle resource /var/www/html/weixin/Lib/Model/IndexModel.class.php 第 89 行.
NOTIC: [8] Undefined index: nickname /var/www/html/weixin/Lib/Model/IndexModel.class.php 第 93 行.

